0 info it worked if it ends with ok
1 verbose cli [ 'node',
1 verbose cli   '/usr/local/bin/npm',
1 verbose cli   'install',
1 verbose cli   'angular-route',
1 verbose cli   '--save' ]
2 info using npm@1.4.28
3 info using node@v0.10.33
4 warn package.json money@0.0.0 No repository field.
5 verbose readDependencies using package.json deps
6 verbose cache add [ 'angular-route', null ]
7 verbose cache add name=undefined spec="angular-route" args=["angular-route",null]
8 verbose parsed url { protocol: null,
8 verbose parsed url   slashes: null,
8 verbose parsed url   auth: null,
8 verbose parsed url   host: null,
8 verbose parsed url   port: null,
8 verbose parsed url   hostname: null,
8 verbose parsed url   hash: null,
8 verbose parsed url   search: null,
8 verbose parsed url   query: null,
8 verbose parsed url   pathname: 'angular-route',
8 verbose parsed url   path: 'angular-route',
8 verbose parsed url   href: 'angular-route' }
9 silly lockFile 54a09c02-angular-route angular-route
10 verbose lock angular-route /Users/mjhamm75/.npm/54a09c02-angular-route.lock
11 silly lockFile 54a09c02-angular-route angular-route
12 silly lockFile 54a09c02-angular-route angular-route
13 verbose addNamed [ 'angular-route', '' ]
14 verbose addNamed [ null, '*' ]
15 silly lockFile 44e54571-angular-route angular-route@
16 verbose lock angular-route@ /Users/mjhamm75/.npm/44e54571-angular-route.lock
17 silly addNameRange { name: 'angular-route', range: '*', hasData: false }
18 verbose request where is /angular-route
19 verbose request registry https://registry.npmjs.org/
20 verbose request id 99a151b2a9a92ef0
21 verbose url raw /angular-route
22 verbose url resolving [ 'https://registry.npmjs.org/', './angular-route' ]
23 verbose url resolved https://registry.npmjs.org/angular-route
24 verbose request where is https://registry.npmjs.org/angular-route
25 info trying registry request attempt 1 at 01:25:09
26 http GET https://registry.npmjs.org/angular-route
27 http 200 https://registry.npmjs.org/angular-route
28 silly registry.get cb [ 200,
28 silly registry.get   { date: 'Sat, 29 Nov 2014 08:25:10 GMT',
28 silly registry.get     server: 'CouchDB/1.5.0 (Erlang OTP/R16B03)',
28 silly registry.get     etag: '"E78GUWTFX9XSGRAAC6YK8YPNC"',
28 silly registry.get     'content-type': 'application/json',
28 silly registry.get     'cache-control': 'max-age=60',
28 silly registry.get     'content-length': '13422',
28 silly registry.get     'accept-ranges': 'bytes',
28 silly registry.get     via: '1.1 varnish',
28 silly registry.get     age: '0',
28 silly registry.get     'x-served-by': 'cache-sjc3122-SJC',
28 silly registry.get     'x-cache': 'MISS',
28 silly registry.get     'x-cache-hits': '0',
28 silly registry.get     'x-timer': 'S1417249510.578993,VS0,VE185',
28 silly registry.get     vary: 'Accept',
28 silly registry.get     'keep-alive': 'timeout=10, max=50',
28 silly registry.get     connection: 'Keep-Alive' } ]
29 silly addNameRange number 2 { name: 'angular-route', range: '*', hasData: true }
30 silly addNameRange versions [ 'angular-route',
30 silly addNameRange   [ '1.2.17-build.163.1',
30 silly addNameRange     '1.3.0-rc.5',
30 silly addNameRange     '1.3.0',
30 silly addNameRange     '1.3.1',
30 silly addNameRange     '1.3.2',
30 silly addNameRange     '1.3.3',
30 silly addNameRange     '1.3.4-build.3588',
30 silly addNameRange     '1.2.27',
30 silly addNameRange     '1.3.4' ] ]
31 verbose addNamed [ 'angular-route', '1.3.4' ]
32 verbose addNamed [ '1.3.4', '1.3.4' ]
33 silly lockFile ce83feab-angular-route-1-3-4 angular-route@1.3.4
34 verbose lock angular-route@1.3.4 /Users/mjhamm75/.npm/ce83feab-angular-route-1-3-4.lock
35 silly lockFile af269b7e-ar-route-angular-route-1-3-4-tgz https://registry.npmjs.org/angular-route/-/angular-route-1.3.4.tgz
36 verbose lock https://registry.npmjs.org/angular-route/-/angular-route-1.3.4.tgz /Users/mjhamm75/.npm/af269b7e-ar-route-angular-route-1-3-4-tgz.lock
37 verbose addRemoteTarball [ 'https://registry.npmjs.org/angular-route/-/angular-route-1.3.4.tgz',
37 verbose addRemoteTarball   '7dd6737d5011cac2221d12b9378c52517b0d09e0' ]
38 info retry fetch attempt 1 at 01:25:10
39 verbose fetch to= /var/folders/pr/1gy2cjl11k1_x5l74s5fdxbcv05zr9/T/npm-97211-Fze-mwEv/registry.npmjs.org/angular-route/-/angular-route-1.3.4.tgz
40 http GET https://registry.npmjs.org/angular-route/-/angular-route-1.3.4.tgz
41 http 200 https://registry.npmjs.org/angular-route/-/angular-route-1.3.4.tgz
42 silly lockFile af269b7e-ar-route-angular-route-1-3-4-tgz https://registry.npmjs.org/angular-route/-/angular-route-1.3.4.tgz
43 silly lockFile af269b7e-ar-route-angular-route-1-3-4-tgz https://registry.npmjs.org/angular-route/-/angular-route-1.3.4.tgz
44 silly lockFile ce83feab-angular-route-1-3-4 angular-route@1.3.4
45 silly lockFile ce83feab-angular-route-1-3-4 angular-route@1.3.4
46 silly lockFile 44e54571-angular-route angular-route@
47 silly lockFile 44e54571-angular-route angular-route@
48 silly resolved [ { name: 'angular-route',
48 silly resolved     version: '1.3.4',
48 silly resolved     description: 'AngularJS router module',
48 silly resolved     main: 'angular-route.js',
48 silly resolved     scripts: { test: 'echo "Error: no test specified" && exit 1' },
48 silly resolved     repository:
48 silly resolved      { type: 'git',
48 silly resolved        url: 'https://github.com/angular/angular.js.git' },
48 silly resolved     keywords: [ 'angular', 'framework', 'browser', 'router', 'client-side' ],
48 silly resolved     author:
48 silly resolved      { name: 'Angular Core Team',
48 silly resolved        email: 'angular-core+npm@google.com' },
48 silly resolved     license: 'MIT',
48 silly resolved     bugs: { url: 'https://github.com/angular/angular.js/issues' },
48 silly resolved     homepage: 'http://angularjs.org',
48 silly resolved     gitHead: 'f5b509929b7d7e779ead20512fd5d405829baf3e',
48 silly resolved     _id: 'angular-route@1.3.4',
48 silly resolved     _shasum: '7dd6737d5011cac2221d12b9378c52517b0d09e0',
48 silly resolved     _from: 'angular-route@',
48 silly resolved     _npmVersion: '2.0.2',
48 silly resolved     _nodeVersion: '0.10.26',
48 silly resolved     _npmUser: { name: 'angularcore', email: 'angular-core+npm@google.com' },
48 silly resolved     maintainers: [ [Object], [Object] ],
48 silly resolved     dist:
48 silly resolved      { shasum: '7dd6737d5011cac2221d12b9378c52517b0d09e0',
48 silly resolved        tarball: 'http://registry.npmjs.org/angular-route/-/angular-route-1.3.4.tgz' },
48 silly resolved     directories: {},
48 silly resolved     _resolved: 'https://registry.npmjs.org/angular-route/-/angular-route-1.3.4.tgz' } ]
49 info install angular-route@1.3.4 into /Users/mjhamm75/Developer/sports
50 info installOne angular-route@1.3.4
51 error git Appears to be a git repo or submodule.
51 error git     /Users/mjhamm75/Developer/sports/node_modules/angular-route
51 error git Refusing to remove it. Update manually,
51 error git or move it out of the way first.
52 error System Darwin 14.0.0
53 error command "node" "/usr/local/bin/npm" "install" "angular-route" "--save"
54 error cwd /Users/mjhamm75/Developer/sports
55 error node -v v0.10.33
56 error npm -v 1.4.28
57 error path /Users/mjhamm75/Developer/sports/node_modules/angular-route
58 error code EISGIT
59 verbose exit [ 1, true ]
